[27-Sep-2023 00:11:16 America/Guatemala] Inicio de la aplicacion
[27-Sep-2023 00:11:23 America/Guatemala] Inicio de la aplicacion
[27-Sep-2023 00:11:30 America/Guatemala] Inicio de la aplicacion
[27-Sep-2023 00:14:17 America/Guatemala] Inicio de la aplicacion
[27-Sep-2023 00:14:21 America/Guatemala] Inicio de la aplicacion
[27-Sep-2023 00:14:25 America/Guatemala] Inicio de la aplicacion
[27-Sep-2023 00:14:34 America/Guatemala] Inicio de la aplicacion
[27-Sep-2023 00:14:34 America/Guatemala] Inicio de la aplicacion
[27-Sep-2023 00:14:38 America/Guatemala] Inicio de la aplicacion
[27-Sep-2023 00:14:40 America/Guatemala] Inicio de la aplicacion
[27-Sep-2023 00:16:23 America/Guatemala] Inicio de la aplicacion
[27-Sep-2023 00:16:27 America/Guatemala] Inicio de la aplicacion
[27-Sep-2023 00:16:30 America/Guatemala] Inicio de la aplicacion
[27-Sep-2023 00:16:35 America/Guatemala] Inicio de la aplicacion
[27-Sep-2023 00:16:35 America/Guatemala] Inicio de la aplicacion
[27-Sep-2023 00:16:41 America/Guatemala] Inicio de la aplicacion
[27-Sep-2023 00:16:44 America/Guatemala] Inicio de la aplicacion
[27-Sep-2023 00:16:44 America/Guatemala] Inicio de la aplicacion
[27-Sep-2023 00:16:50 America/Guatemala] Inicio de la aplicacion
[27-Sep-2023 00:17:06 America/Guatemala] Inicio de la aplicacion
[27-Sep-2023 00:18:15 America/Guatemala] Inicio de la aplicacion
[27-Sep-2023 00:18:35 America/Guatemala] Inicio de la aplicacion
[27-Sep-2023 00:18:38 America/Guatemala] Inicio de la aplicacion
[27-Sep-2023 00:18:42 America/Guatemala] Inicio de la aplicacion
[27-Sep-2023 00:28:57 America/Guatemala] Inicio de la aplicacion
[27-Sep-2023 00:28:57 America/Guatemala] PHP Fatal error:  Uncaught PDOException: SQLSTATE[HY000] [1049] Unknown database 'usuarios' in C:\xampp\htdocs\CORRECIE\src\lib\Database.php:37
Stack trace:
#0 C:\xampp\htdocs\CORRECIE\src\lib\Database.php(37): PDO->__construct('mysql:host=loca...', 'root', Object(SensitiveParameterValue), Array)
#1 C:\xampp\htdocs\CORRECIE\src\models\Prueba.php(18): App\lib\Database->conexionDb()
#2 C:\xampp\htdocs\CORRECIE\src\controllers\Inicio.php(18): App\models\Prueba->obtenerDatos()
#3 C:\xampp\htdocs\CORRECIE\src\lib\Routes.php(98): App\controllers\Inicio->prueba()
#4 [internal function]: {closure}()
#5 C:\xampp\htdocs\CORRECIE\vendor\bramus\router\src\Bramus\Router\Router.php(458): call_user_func_array(Object(Closure), Array)
#6 C:\xampp\htdocs\CORRECIE\vendor\bramus\router\src\Bramus\Router\Router.php(440): Bramus\Router\Router->invoke(Object(Closure), Array)
#7 C:\xampp\htdocs\CORRECIE\vendor\bramus\router\src\Bramus\Router\Router.php(287): Bramus\Router\Router->handle(Array, true)
#8 C:\xampp\htdocs\CORRECIE\src\lib\Routes.php(101): Bramus\Router\Router->run(Object(Closure))
#9 C:\xampp\htdocs\CORRECIE\index.php(23): require_once('C:\\xampp\\htdocs...')
#10 {main}
  thrown in C:\xampp\htdocs\CORRECIE\src\lib\Database.php on line 37
[27-Sep-2023 00:30:26 America/Guatemala] Inicio de la aplicacion
[27-Sep-2023 01:06:03 America/Guatemala] Inicio de la aplicacion
[27-Sep-2023 01:06:08 America/Guatemala] Inicio de la aplicacion
[27-Sep-2023 01:08:29 America/Guatemala] Inicio de la aplicacion
[27-Sep-2023 01:08:29 America/Guatemala] PHP Fatal error:  Uncaught Error: Class "App\models\InicioSesion" not found in C:\xampp\htdocs\CORRECIE\src\controllers\login.php:19
Stack trace:
#0 C:\xampp\htdocs\CORRECIE\src\lib\Routes.php(98): App\controllers\Login->autenticar()
#1 [internal function]: {closure}()
#2 C:\xampp\htdocs\CORRECIE\vendor\bramus\router\src\Bramus\Router\Router.php(458): call_user_func_array(Object(Closure), Array)
#3 C:\xampp\htdocs\CORRECIE\vendor\bramus\router\src\Bramus\Router\Router.php(440): Bramus\Router\Router->invoke(Object(Closure), Array)
#4 C:\xampp\htdocs\CORRECIE\vendor\bramus\router\src\Bramus\Router\Router.php(287): Bramus\Router\Router->handle(Array, true)
#5 C:\xampp\htdocs\CORRECIE\src\lib\Routes.php(106): Bramus\Router\Router->run(Object(Closure))
#6 C:\xampp\htdocs\CORRECIE\index.php(23): require_once('C:\\xampp\\htdocs...')
#7 {main}
  thrown in C:\xampp\htdocs\CORRECIE\src\controllers\login.php on line 19
[27-Sep-2023 01:12:21 America/Guatemala] Inicio de la aplicacion
[27-Sep-2023 01:12:29 America/Guatemala] Inicio de la aplicacion
[27-Sep-2023 01:12:29 America/Guatemala] PHP Fatal error:  Uncaught Error: Class "App\models\login" not found in C:\xampp\htdocs\CORRECIE\src\controllers\login.php:19
Stack trace:
#0 C:\xampp\htdocs\CORRECIE\src\lib\Routes.php(98): App\controllers\Login->autenticar()
#1 [internal function]: {closure}()
#2 C:\xampp\htdocs\CORRECIE\vendor\bramus\router\src\Bramus\Router\Router.php(458): call_user_func_array(Object(Closure), Array)
#3 C:\xampp\htdocs\CORRECIE\vendor\bramus\router\src\Bramus\Router\Router.php(440): Bramus\Router\Router->invoke(Object(Closure), Array)
#4 C:\xampp\htdocs\CORRECIE\vendor\bramus\router\src\Bramus\Router\Router.php(287): Bramus\Router\Router->handle(Array, true)
#5 C:\xampp\htdocs\CORRECIE\src\lib\Routes.php(106): Bramus\Router\Router->run(Object(Closure))
#6 C:\xampp\htdocs\CORRECIE\index.php(23): require_once('C:\\xampp\\htdocs...')
#7 {main}
  thrown in C:\xampp\htdocs\CORRECIE\src\controllers\login.php on line 19
[27-Sep-2023 01:19:39 America/Guatemala] Inicio de la aplicacion
[27-Sep-2023 01:19:39 America/Guatemala] PHP Fatal error:  Uncaught Error: Class "App\models\InicioSesion" not found in C:\xampp\htdocs\CORRECIE\src\controllers\login.php:19
Stack trace:
#0 C:\xampp\htdocs\CORRECIE\src\lib\Routes.php(98): App\controllers\Login->autenticar()
#1 [internal function]: {closure}()
#2 C:\xampp\htdocs\CORRECIE\vendor\bramus\router\src\Bramus\Router\Router.php(458): call_user_func_array(Object(Closure), Array)
#3 C:\xampp\htdocs\CORRECIE\vendor\bramus\router\src\Bramus\Router\Router.php(440): Bramus\Router\Router->invoke(Object(Closure), Array)
#4 C:\xampp\htdocs\CORRECIE\vendor\bramus\router\src\Bramus\Router\Router.php(287): Bramus\Router\Router->handle(Array, true)
#5 C:\xampp\htdocs\CORRECIE\src\lib\Routes.php(106): Bramus\Router\Router->run(Object(Closure))
#6 C:\xampp\htdocs\CORRECIE\index.php(23): require_once('C:\\xampp\\htdocs...')
#7 {main}
  thrown in C:\xampp\htdocs\CORRECIE\src\controllers\login.php on line 19
[27-Sep-2023 01:19:43 America/Guatemala] Inicio de la aplicacion
[27-Sep-2023 01:19:52 America/Guatemala] Inicio de la aplicacion
[27-Sep-2023 01:19:52 America/Guatemala] PHP Fatal error:  Uncaught Error: Class "App\models\InicioSesion" not found in C:\xampp\htdocs\CORRECIE\src\controllers\login.php:19
Stack trace:
#0 C:\xampp\htdocs\CORRECIE\src\lib\Routes.php(98): App\controllers\Login->autenticar()
#1 [internal function]: {closure}()
#2 C:\xampp\htdocs\CORRECIE\vendor\bramus\router\src\Bramus\Router\Router.php(458): call_user_func_array(Object(Closure), Array)
#3 C:\xampp\htdocs\CORRECIE\vendor\bramus\router\src\Bramus\Router\Router.php(440): Bramus\Router\Router->invoke(Object(Closure), Array)
#4 C:\xampp\htdocs\CORRECIE\vendor\bramus\router\src\Bramus\Router\Router.php(287): Bramus\Router\Router->handle(Array, true)
#5 C:\xampp\htdocs\CORRECIE\src\lib\Routes.php(106): Bramus\Router\Router->run(Object(Closure))
#6 C:\xampp\htdocs\CORRECIE\index.php(23): require_once('C:\\xampp\\htdocs...')
#7 {main}
  thrown in C:\xampp\htdocs\CORRECIE\src\controllers\login.php on line 19
[27-Sep-2023 17:48:59 America/Guatemala] Inicio de la aplicacion
[27-Sep-2023 17:49:21 America/Guatemala] Inicio de la aplicacion
[27-Sep-2023 17:49:21 America/Guatemala] PHP Fatal error:  Uncaught Error: Class "App\models\InicioSesion" not found in C:\xampp\htdocs\CORRECIE\src\controllers\login.php:19
Stack trace:
#0 C:\xampp\htdocs\CORRECIE\src\lib\Routes.php(98): App\controllers\Login->autenticar()
#1 [internal function]: {closure}()
#2 C:\xampp\htdocs\CORRECIE\vendor\bramus\router\src\Bramus\Router\Router.php(458): call_user_func_array(Object(Closure), Array)
#3 C:\xampp\htdocs\CORRECIE\vendor\bramus\router\src\Bramus\Router\Router.php(440): Bramus\Router\Router->invoke(Object(Closure), Array)
#4 C:\xampp\htdocs\CORRECIE\vendor\bramus\router\src\Bramus\Router\Router.php(287): Bramus\Router\Router->handle(Array, true)
#5 C:\xampp\htdocs\CORRECIE\src\lib\Routes.php(106): Bramus\Router\Router->run(Object(Closure))
#6 C:\xampp\htdocs\CORRECIE\index.php(23): require_once('C:\\xampp\\htdocs...')
#7 {main}
  thrown in C:\xampp\htdocs\CORRECIE\src\controllers\login.php on line 19
[27-Sep-2023 18:38:26 America/Guatemala] Inicio de la aplicacion
[27-Sep-2023 18:38:35 America/Guatemala] Inicio de la aplicacion
[27-Sep-2023 18:38:40 America/Guatemala] Inicio de la aplicacion
[27-Sep-2023 18:41:06 America/Guatemala] Inicio de la aplicacion
[27-Sep-2023 18:41:48 America/Guatemala] Inicio de la aplicacion
[27-Sep-2023 18:41:59 America/Guatemala] Inicio de la aplicacion
[27-Sep-2023 18:46:05 America/Guatemala] Inicio de la aplicacion
[27-Sep-2023 18:46:12 America/Guatemala] Inicio de la aplicacion
[27-Sep-2023 18:46:41 America/Guatemala] Inicio de la aplicacion
[27-Sep-2023 18:46:41 America/Guatemala] Inicio de la aplicacion
[27-Sep-2023 18:46:41 America/Guatemala] Inicio de la aplicacion
[27-Sep-2023 18:46:41 America/Guatemala] Inicio de la aplicacion
[27-Sep-2023 18:46:41 America/Guatemala] Inicio de la aplicacion
[27-Sep-2023 18:46:41 America/Guatemala] Inicio de la aplicacion
[27-Sep-2023 18:46:41 America/Guatemala] Inicio de la aplicacion
[27-Sep-2023 18:46:41 America/Guatemala] Inicio de la aplicacion
[27-Sep-2023 18:46:41 America/Guatemala] Inicio de la aplicacion
[27-Sep-2023 18:46:42 America/Guatemala] Inicio de la aplicacion
[27-Sep-2023 18:46:59 America/Guatemala] Inicio de la aplicacion
[27-Sep-2023 18:47:05 America/Guatemala] Inicio de la aplicacion
[27-Sep-2023 18:47:05 America/Guatemala] Inicio de la aplicacion
[27-Sep-2023 18:47:27 America/Guatemala] Inicio de la aplicacion
[27-Sep-2023 18:47:34 America/Guatemala] Inicio de la aplicacion
[27-Sep-2023 18:47:34 America/Guatemala] Inicio de la aplicacion
[27-Sep-2023 18:48:29 America/Guatemala] Inicio de la aplicacion
[27-Sep-2023 19:52:26 America/Guatemala] Inicio de la aplicacion
[27-Sep-2023 19:52:41 America/Guatemala] Inicio de la aplicacion
[27-Sep-2023 19:52:46 America/Guatemala] Inicio de la aplicacion
[27-Sep-2023 19:52:46 America/Guatemala] Inicio de la aplicacion
[27-Sep-2023 19:54:35 America/Guatemala] Inicio de la aplicacion
[27-Sep-2023 19:54:35 America/Guatemala] Inicio de la aplicacion
[27-Sep-2023 19:54:35 America/Guatemala] PHP Warning:  Undefined global variable $_SESSION in C:\xampp\htdocs\CORRECIE\src\views\login\index.php on line 82
[27-Sep-2023 19:54:35 America/Guatemala] PHP Warning:  Trying to access array offset on value of type null in C:\xampp\htdocs\CORRECIE\src\views\login\index.php on line 82
[27-Sep-2023 19:55:54 America/Guatemala] Inicio de la aplicacion
[27-Sep-2023 19:56:00 America/Guatemala] Inicio de la aplicacion
[27-Sep-2023 19:56:00 America/Guatemala] PHP Notice:  session_start(): Ignoring session_start() because a session is already active in C:\xampp\htdocs\CORRECIE\src\controllers\login.php on line 37
[27-Sep-2023 19:56:00 America/Guatemala] Inicio de la aplicacion
[27-Sep-2023 19:57:07 America/Guatemala] Inicio de la aplicacion
[27-Sep-2023 19:57:07 America/Guatemala] PHP Notice:  session_start(): Ignoring session_start() because a session is already active in C:\xampp\htdocs\CORRECIE\src\controllers\login.php on line 40
[27-Sep-2023 19:57:07 America/Guatemala] Inicio de la aplicacion
[27-Sep-2023 19:57:17 America/Guatemala] Inicio de la aplicacion
[27-Sep-2023 19:57:17 America/Guatemala] PHP Notice:  session_start(): Ignoring session_start() because a session is already active in C:\xampp\htdocs\CORRECIE\src\controllers\login.php on line 40
[27-Sep-2023 19:57:17 America/Guatemala] Inicio de la aplicacion
[27-Sep-2023 19:58:34 America/Guatemala] Inicio de la aplicacion
[27-Sep-2023 19:58:34 America/Guatemala] PHP Notice:  session_start(): Ignoring session_start() because a session is already active in C:\xampp\htdocs\CORRECIE\src\controllers\login.php on line 41
[27-Sep-2023 19:58:34 America/Guatemala] Inicio de la aplicacion
[27-Sep-2023 19:59:31 America/Guatemala] Inicio de la aplicacion
[27-Sep-2023 19:59:31 America/Guatemala] PHP Notice:  session_start(): Ignoring session_start() because a session is already active in C:\xampp\htdocs\CORRECIE\src\controllers\login.php on line 41
[27-Sep-2023 19:59:31 America/Guatemala] Inicio de la aplicacion
[27-Sep-2023 20:01:16 America/Guatemala] Inicio de la aplicacion
[27-Sep-2023 20:01:22 America/Guatemala] Inicio de la aplicacion
[27-Sep-2023 20:01:22 America/Guatemala] Inicio de la aplicacion
[27-Sep-2023 20:01:40 America/Guatemala] Inicio de la aplicacion
[27-Sep-2023 20:01:48 America/Guatemala] Inicio de la aplicacion
[27-Sep-2023 20:01:48 America/Guatemala] PHP Notice:  session_start(): Ignoring session_start() because a session is already active in C:\xampp\htdocs\CORRECIE\src\controllers\login.php on line 41
[27-Sep-2023 20:01:48 America/Guatemala] Inicio de la aplicacion
[27-Sep-2023 20:01:52 America/Guatemala] Inicio de la aplicacion
[27-Sep-2023 20:01:52 America/Guatemala] PHP Notice:  session_start(): Ignoring session_start() because a session is already active in C:\xampp\htdocs\CORRECIE\src\controllers\login.php on line 24
[27-Sep-2023 20:01:52 America/Guatemala] Inicio de la aplicacion
[27-Sep-2023 20:02:48 America/Guatemala] Inicio de la aplicacion
[27-Sep-2023 20:02:54 America/Guatemala] Inicio de la aplicacion
[27-Sep-2023 20:02:54 America/Guatemala] Inicio de la aplicacion
[27-Sep-2023 20:03:25 America/Guatemala] Inicio de la aplicacion
[27-Sep-2023 20:03:55 America/Guatemala] Inicio de la aplicacion
[27-Sep-2023 20:09:00 America/Guatemala] Inicio de la aplicacion
[27-Sep-2023 20:09:04 America/Guatemala] Inicio de la aplicacion
[27-Sep-2023 20:11:03 America/Guatemala] Inicio de la aplicacion
[27-Sep-2023 20:11:06 America/Guatemala] Inicio de la aplicacion
[27-Sep-2023 20:11:06 America/Guatemala] PHP Notice:  session_start(): Ignoring session_start() because a session is already active in C:\xampp\htdocs\CORRECIE\src\lib\Routes.php on line 114
[27-Sep-2023 20:11:20 America/Guatemala] Inicio de la aplicacion
[27-Sep-2023 20:12:16 America/Guatemala] Inicio de la aplicacion
[27-Sep-2023 20:12:22 America/Guatemala] Inicio de la aplicacion
[27-Sep-2023 20:12:22 America/Guatemala] Inicio de la aplicacion
[27-Sep-2023 20:12:28 America/Guatemala] Inicio de la aplicacion
[27-Sep-2023 20:12:28 America/Guatemala] Inicio de la aplicacion
[27-Sep-2023 20:14:11 America/Guatemala] Inicio de la aplicacion
[27-Sep-2023 20:14:11 America/Guatemala] Inicio de la aplicacion
[27-Sep-2023 20:14:13 America/Guatemala] Inicio de la aplicacion
[27-Sep-2023 20:14:13 America/Guatemala] PHP Notice:  session_start(): Ignoring session_start() because a session is already active in C:\xampp\htdocs\CORRECIE\src\lib\Routes.php on line 114
[27-Sep-2023 20:14:26 America/Guatemala] Inicio de la aplicacion
[27-Sep-2023 20:14:59 America/Guatemala] Inicio de la aplicacion
[27-Sep-2023 20:14:59 America/Guatemala] Inicio de la aplicacion
[27-Sep-2023 20:15:02 America/Guatemala] Inicio de la aplicacion
[27-Sep-2023 20:15:02 America/Guatemala] PHP Notice:  session_start(): Ignoring session_start() because a session is already active in C:\xampp\htdocs\CORRECIE\src\lib\Routes.php on line 114
[27-Sep-2023 20:15:02 America/Guatemala] Inicio de la aplicacion
[27-Sep-2023 20:19:42 America/Guatemala] Inicio de la aplicacion
[27-Sep-2023 20:19:50 America/Guatemala] Inicio de la aplicacion
[27-Sep-2023 20:19:50 America/Guatemala] Inicio de la aplicacion
[27-Sep-2023 20:19:53 America/Guatemala] Inicio de la aplicacion
[27-Sep-2023 20:19:53 America/Guatemala] PHP Notice:  session_start(): Ignoring session_start() because a session is already active in C:\xampp\htdocs\CORRECIE\src\lib\Routes.php on line 138
[27-Sep-2023 20:19:53 America/Guatemala] Inicio de la aplicacion
[27-Sep-2023 20:20:08 America/Guatemala] Inicio de la aplicacion
[27-Sep-2023 20:20:08 America/Guatemala] PHP Warning:  Undefined array key "nombre" in C:\xampp\htdocs\CORRECIE\src\views\includes\menu.php on line 17
[27-Sep-2023 20:20:15 America/Guatemala] Inicio de la aplicacion
[27-Sep-2023 20:20:39 America/Guatemala] Inicio de la aplicacion
[27-Sep-2023 20:20:39 America/Guatemala] Inicio de la aplicacion
[27-Sep-2023 20:21:13 America/Guatemala] Inicio de la aplicacion
[27-Sep-2023 20:21:13 America/Guatemala] Inicio de la aplicacion
[27-Sep-2023 20:21:38 America/Guatemala] Inicio de la aplicacion
[27-Sep-2023 22:46:36 America/Guatemala] Inicio de la aplicacion
[27-Sep-2023 22:46:37 America/Guatemala] Inicio de la aplicacion
[27-Sep-2023 22:46:42 America/Guatemala] Inicio de la aplicacion
[27-Sep-2023 22:46:42 America/Guatemala] Inicio de la aplicacion
[27-Sep-2023 22:46:46 America/Guatemala] Inicio de la aplicacion
[27-Sep-2023 23:03:48 America/Guatemala] Inicio de la aplicacion
[27-Sep-2023 23:19:14 America/Guatemala] Inicio de la aplicacion
[27-Sep-2023 23:19:14 America/Guatemala] PHP Notice:  session_start(): Ignoring session_start() because a session is already active in C:\xampp\htdocs\CORRECIE\src\lib\Routes.php on line 142
[27-Sep-2023 23:19:14 America/Guatemala] Inicio de la aplicacion
[27-Sep-2023 23:19:17 America/Guatemala] Inicio de la aplicacion
[27-Sep-2023 23:19:17 America/Guatemala] PHP Notice:  session_start(): Ignoring session_start() because a session is already active in C:\xampp\htdocs\CORRECIE\src\controllers\login.php on line 41
[27-Sep-2023 23:19:17 America/Guatemala] Inicio de la aplicacion
[27-Sep-2023 23:19:28 America/Guatemala] Inicio de la aplicacion
[27-Sep-2023 23:19:29 America/Guatemala] PHP Notice:  session_start(): Ignoring session_start() because a session is already active in C:\xampp\htdocs\CORRECIE\src\controllers\login.php on line 41
[27-Sep-2023 23:19:29 America/Guatemala] Inicio de la aplicacion
[27-Sep-2023 23:19:48 America/Guatemala] Inicio de la aplicacion
[27-Sep-2023 23:19:52 America/Guatemala] Inicio de la aplicacion
[27-Sep-2023 23:19:52 America/Guatemala] PHP Notice:  session_start(): Ignoring session_start() because a session is already active in C:\xampp\htdocs\CORRECIE\src\controllers\login.php on line 41
[27-Sep-2023 23:19:52 America/Guatemala] Inicio de la aplicacion
[27-Sep-2023 23:22:45 America/Guatemala] Inicio de la aplicacion
[27-Sep-2023 23:22:51 America/Guatemala] Inicio de la aplicacion
[27-Sep-2023 23:22:51 America/Guatemala] PHP Notice:  session_start(): Ignoring session_start() because a session is already active in C:\xampp\htdocs\CORRECIE\src\controllers\login.php on line 41
[27-Sep-2023 23:22:51 America/Guatemala] Inicio de la aplicacion
[27-Sep-2023 23:23:08 America/Guatemala] Inicio de la aplicacion
[27-Sep-2023 23:23:08 America/Guatemala] Inicio de la aplicacion
[27-Sep-2023 23:23:16 America/Guatemala] Inicio de la aplicacion
[27-Sep-2023 23:23:16 America/Guatemala] Inicio de la aplicacion
[27-Sep-2023 23:23:35 America/Guatemala] Inicio de la aplicacion
[27-Sep-2023 23:23:41 America/Guatemala] Inicio de la aplicacion
[27-Sep-2023 23:24:33 America/Guatemala] Inicio de la aplicacion
[27-Sep-2023 23:24:39 America/Guatemala] Inicio de la aplicacion
[27-Sep-2023 23:24:39 America/Guatemala] Inicio de la aplicacion
[27-Sep-2023 23:37:35 America/Guatemala] Inicio de la aplicacion
[27-Sep-2023 23:37:39 America/Guatemala] Inicio de la aplicacion
[27-Sep-2023 23:37:39 America/Guatemala] PHP Notice:  session_start(): Ignoring session_start() because a session is already active in C:\xampp\htdocs\CORRECIE\src\lib\Routes.php on line 146
[27-Sep-2023 23:37:39 America/Guatemala] Inicio de la aplicacion
[27-Sep-2023 23:37:43 America/Guatemala] Inicio de la aplicacion
[27-Sep-2023 23:37:43 America/Guatemala] PHP Notice:  session_start(): Ignoring session_start() because a session is already active in C:\xampp\htdocs\CORRECIE\src\controllers\login.php on line 41
[27-Sep-2023 23:37:43 America/Guatemala] Inicio de la aplicacion
[27-Sep-2023 23:37:51 America/Guatemala] Inicio de la aplicacion
[27-Sep-2023 23:37:51 America/Guatemala] Inicio de la aplicacion
[27-Sep-2023 23:39:18 America/Guatemala] Inicio de la aplicacion
[27-Sep-2023 23:39:18 America/Guatemala] PHP Notice:  session_start(): Ignoring session_start() because a session is already active in C:\xampp\htdocs\CORRECIE\src\lib\Routes.php on line 146
[27-Sep-2023 23:39:18 America/Guatemala] Inicio de la aplicacion
[27-Sep-2023 23:39:24 America/Guatemala] Inicio de la aplicacion
[27-Sep-2023 23:39:24 America/Guatemala] Inicio de la aplicacion
[27-Sep-2023 23:39:46 America/Guatemala] Inicio de la aplicacion
[27-Sep-2023 23:39:51 America/Guatemala] Inicio de la aplicacion
[27-Sep-2023 23:39:55 America/Guatemala] Inicio de la aplicacion
[27-Sep-2023 23:40:00 America/Guatemala] Inicio de la aplicacion
[27-Sep-2023 23:40:04 America/Guatemala] Inicio de la aplicacion
[27-Sep-2023 23:40:07 America/Guatemala] Inicio de la aplicacion
[27-Sep-2023 23:40:08 America/Guatemala] Inicio de la aplicacion
[27-Sep-2023 23:40:09 America/Guatemala] Inicio de la aplicacion
[27-Sep-2023 23:40:09 America/Guatemala] Inicio de la aplicacion
[27-Sep-2023 23:40:13 America/Guatemala] Inicio de la aplicacion
[27-Sep-2023 23:40:18 America/Guatemala] Inicio de la aplicacion
[27-Sep-2023 23:40:18 America/Guatemala] Inicio de la aplicacion
[27-Sep-2023 23:43:22 America/Guatemala] Inicio de la aplicacion
[27-Sep-2023 23:46:24 America/Guatemala] Inicio de la aplicacion
[27-Sep-2023 23:46:24 America/Guatemala] PHP Warning:  Undefined array key "rol" in C:\xampp\htdocs\CORRECIE\src\views\includes\menu.php on line 81
[27-Sep-2023 23:47:39 America/Guatemala] Inicio de la aplicacion
[27-Sep-2023 23:47:49 America/Guatemala] Inicio de la aplicacion
[27-Sep-2023 23:53:34 America/Guatemala] Inicio de la aplicacion
[27-Sep-2023 23:53:45 America/Guatemala] Inicio de la aplicacion
[27-Sep-2023 23:53:59 America/Guatemala] Inicio de la aplicacion
[28-Sep-2023 00:15:16 America/Guatemala] Inicio de la aplicacion
[28-Sep-2023 00:15:16 America/Guatemala] PHP Fatal error:  Uncaught Error: Class "App\models\DatosCards" not found in C:\xampp\htdocs\CORRECIE\src\controllers\Inicio.php:14
Stack trace:
#0 C:\xampp\htdocs\CORRECIE\src\lib\Routes.php(50): App\controllers\Inicio->__construct()
#1 [internal function]: {closure}()
#2 C:\xampp\htdocs\CORRECIE\vendor\bramus\router\src\Bramus\Router\Router.php(458): call_user_func_array(Object(Closure), Array)
#3 C:\xampp\htdocs\CORRECIE\vendor\bramus\router\src\Bramus\Router\Router.php(440): Bramus\Router\Router->invoke(Object(Closure), Array)
#4 C:\xampp\htdocs\CORRECIE\vendor\bramus\router\src\Bramus\Router\Router.php(287): Bramus\Router\Router->handle(Array, true)
#5 C:\xampp\htdocs\CORRECIE\src\lib\Routes.php(157): Bramus\Router\Router->run(Object(Closure))
#6 C:\xampp\htdocs\CORRECIE\index.php(23): require_once('C:\\xampp\\htdocs...')
#7 {main}
  thrown in C:\xampp\htdocs\CORRECIE\src\controllers\Inicio.php on line 14
[28-Sep-2023 00:15:26 America/Guatemala] Inicio de la aplicacion
[28-Sep-2023 00:15:26 America/Guatemala] Inicio de la aplicacion
[28-Sep-2023 00:15:26 America/Guatemala] PHP Fatal error:  Uncaught Error: Class "App\models\DatosCards" not found in C:\xampp\htdocs\CORRECIE\src\controllers\Inicio.php:14
Stack trace:
#0 C:\xampp\htdocs\CORRECIE\src\lib\Routes.php(50): App\controllers\Inicio->__construct()
#1 [internal function]: {closure}()
#2 C:\xampp\htdocs\CORRECIE\vendor\bramus\router\src\Bramus\Router\Router.php(458): call_user_func_array(Object(Closure), Array)
#3 C:\xampp\htdocs\CORRECIE\vendor\bramus\router\src\Bramus\Router\Router.php(440): Bramus\Router\Router->invoke(Object(Closure), Array)
#4 C:\xampp\htdocs\CORRECIE\vendor\bramus\router\src\Bramus\Router\Router.php(287): Bramus\Router\Router->handle(Array, true)
#5 C:\xampp\htdocs\CORRECIE\src\lib\Routes.php(157): Bramus\Router\Router->run(Object(Closure))
#6 C:\xampp\htdocs\CORRECIE\index.php(23): require_once('C:\\xampp\\htdocs...')
#7 {main}
  thrown in C:\xampp\htdocs\CORRECIE\src\controllers\Inicio.php on line 14
[28-Sep-2023 00:17:57 America/Guatemala] Inicio de la aplicacion
[28-Sep-2023 00:17:57 America/Guatemala] PHP Deprecated:  Creation of dynamic property App\controllers\Inicio::$inicioModel is deprecated in C:\xampp\htdocs\CORRECIE\src\controllers\Inicio.php on line 14
[28-Sep-2023 00:18:35 America/Guatemala] Inicio de la aplicacion
[28-Sep-2023 00:18:35 America/Guatemala] PHP Notice:  session_start(): Ignoring session_start() because a session is already active in C:\xampp\htdocs\CORRECIE\src\lib\Routes.php on line 146
[28-Sep-2023 00:18:35 America/Guatemala] Inicio de la aplicacion
[28-Sep-2023 00:18:40 America/Guatemala] Inicio de la aplicacion
[28-Sep-2023 00:18:40 America/Guatemala] Inicio de la aplicacion
[28-Sep-2023 00:18:40 America/Guatemala] PHP Deprecated:  Creation of dynamic property App\controllers\Inicio::$inicioModel is deprecated in C:\xampp\htdocs\CORRECIE\src\controllers\Inicio.php on line 14
[28-Sep-2023 00:20:15 America/Guatemala] Inicio de la aplicacion
[28-Sep-2023 00:22:21 America/Guatemala] Inicio de la aplicacion
[28-Sep-2023 00:23:33 America/Guatemala] Inicio de la aplicacion
[28-Sep-2023 00:23:33 America/Guatemala] PHP Warning:  Undefined array key "total_usuarios" in C:\xampp\htdocs\CORRECIE\src\views\inicio\modulos\cards.php on line 36
[28-Sep-2023 00:23:40 America/Guatemala] Inicio de la aplicacion
[28-Sep-2023 00:23:40 America/Guatemala] PHP Notice:  session_start(): Ignoring session_start() because a session is already active in C:\xampp\htdocs\CORRECIE\src\lib\Routes.php on line 146
[28-Sep-2023 00:23:40 America/Guatemala] Inicio de la aplicacion
[28-Sep-2023 00:23:45 America/Guatemala] Inicio de la aplicacion
[28-Sep-2023 00:23:45 America/Guatemala] Inicio de la aplicacion
[28-Sep-2023 00:23:45 America/Guatemala] PHP Warning:  Undefined array key "total_usuarios" in C:\xampp\htdocs\CORRECIE\src\views\inicio\modulos\cards.php on line 36
[28-Sep-2023 00:24:51 America/Guatemala] Inicio de la aplicacion
[28-Sep-2023 00:24:51 America/Guatemala] PHP Notice:  session_start(): Ignoring session_start() because a session is already active in C:\xampp\htdocs\CORRECIE\src\lib\Routes.php on line 146
[28-Sep-2023 00:24:51 America/Guatemala] Inicio de la aplicacion
[28-Sep-2023 00:24:55 America/Guatemala] Inicio de la aplicacion
[28-Sep-2023 00:24:55 America/Guatemala] Inicio de la aplicacion
[28-Sep-2023 00:24:55 America/Guatemala] PHP Warning:  Undefined array key "total_usuarios" in C:\xampp\htdocs\CORRECIE\src\views\inicio\modulos\cards.php on line 36
[28-Sep-2023 00:25:16 America/Guatemala] Inicio de la aplicacion
[28-Sep-2023 00:26:32 America/Guatemala] Inicio de la aplicacion
[28-Sep-2023 00:26:32 America/Guatemala] PHP Fatal error:  Uncaught Error: Call to undefined method App\models\Login::obtenerDatos() in C:\xampp\htdocs\CORRECIE\src\controllers\Inicio.php:20
Stack trace:
#0 C:\xampp\htdocs\CORRECIE\src\lib\Routes.php(51): App\controllers\Inicio->datosCards()
#1 [internal function]: {closure}()
#2 C:\xampp\htdocs\CORRECIE\vendor\bramus\router\src\Bramus\Router\Router.php(458): call_user_func_array(Object(Closure), Array)
#3 C:\xampp\htdocs\CORRECIE\vendor\bramus\router\src\Bramus\Router\Router.php(440): Bramus\Router\Router->invoke(Object(Closure), Array)
#4 C:\xampp\htdocs\CORRECIE\vendor\bramus\router\src\Bramus\Router\Router.php(287): Bramus\Router\Router->handle(Array, true)
#5 C:\xampp\htdocs\CORRECIE\src\lib\Routes.php(158): Bramus\Router\Router->run(Object(Closure))
#6 C:\xampp\htdocs\CORRECIE\index.php(23): require_once('C:\\xampp\\htdocs...')
#7 {main}
  thrown in C:\xampp\htdocs\CORRECIE\src\controllers\Inicio.php on line 20
[28-Sep-2023 00:29:43 America/Guatemala] Inicio de la aplicacion
[28-Sep-2023 00:29:43 America/Guatemala] PHP Fatal error:  Uncaught Error: Call to undefined method App\models\Login::obtenerDatos() in C:\xampp\htdocs\CORRECIE\src\controllers\Inicio.php:23
Stack trace:
#0 C:\xampp\htdocs\CORRECIE\src\lib\Routes.php(51): App\controllers\Inicio->datosCards()
#1 [internal function]: {closure}()
#2 C:\xampp\htdocs\CORRECIE\vendor\bramus\router\src\Bramus\Router\Router.php(458): call_user_func_array(Object(Closure), Array)
#3 C:\xampp\htdocs\CORRECIE\vendor\bramus\router\src\Bramus\Router\Router.php(440): Bramus\Router\Router->invoke(Object(Closure), Array)
#4 C:\xampp\htdocs\CORRECIE\vendor\bramus\router\src\Bramus\Router\Router.php(287): Bramus\Router\Router->handle(Array, true)
#5 C:\xampp\htdocs\CORRECIE\src\lib\Routes.php(158): Bramus\Router\Router->run(Object(Closure))
#6 C:\xampp\htdocs\CORRECIE\index.php(23): require_once('C:\\xampp\\htdocs...')
#7 {main}
  thrown in C:\xampp\htdocs\CORRECIE\src\controllers\Inicio.php on line 23
[28-Sep-2023 00:29:46 America/Guatemala] Inicio de la aplicacion
[28-Sep-2023 00:29:46 America/Guatemala] PHP Fatal error:  Uncaught Error: Call to undefined method App\models\Login::obtenerDatos() in C:\xampp\htdocs\CORRECIE\src\controllers\Inicio.php:23
Stack trace:
#0 C:\xampp\htdocs\CORRECIE\src\lib\Routes.php(51): App\controllers\Inicio->datosCards()
#1 [internal function]: {closure}()
#2 C:\xampp\htdocs\CORRECIE\vendor\bramus\router\src\Bramus\Router\Router.php(458): call_user_func_array(Object(Closure), Array)
#3 C:\xampp\htdocs\CORRECIE\vendor\bramus\router\src\Bramus\Router\Router.php(440): Bramus\Router\Router->invoke(Object(Closure), Array)
#4 C:\xampp\htdocs\CORRECIE\vendor\bramus\router\src\Bramus\Router\Router.php(287): Bramus\Router\Router->handle(Array, true)
#5 C:\xampp\htdocs\CORRECIE\src\lib\Routes.php(158): Bramus\Router\Router->run(Object(Closure))
#6 C:\xampp\htdocs\CORRECIE\index.php(23): require_once('C:\\xampp\\htdocs...')
#7 {main}
  thrown in C:\xampp\htdocs\CORRECIE\src\controllers\Inicio.php on line 23
[28-Sep-2023 00:29:47 America/Guatemala] Inicio de la aplicacion
[28-Sep-2023 00:29:47 America/Guatemala] PHP Fatal error:  Uncaught Error: Call to undefined method App\models\Login::obtenerDatos() in C:\xampp\htdocs\CORRECIE\src\controllers\Inicio.php:23
Stack trace:
#0 C:\xampp\htdocs\CORRECIE\src\lib\Routes.php(51): App\controllers\Inicio->datosCards()
#1 [internal function]: {closure}()
#2 C:\xampp\htdocs\CORRECIE\vendor\bramus\router\src\Bramus\Router\Router.php(458): call_user_func_array(Object(Closure), Array)
#3 C:\xampp\htdocs\CORRECIE\vendor\bramus\router\src\Bramus\Router\Router.php(440): Bramus\Router\Router->invoke(Object(Closure), Array)
#4 C:\xampp\htdocs\CORRECIE\vendor\bramus\router\src\Bramus\Router\Router.php(287): Bramus\Router\Router->handle(Array, true)
#5 C:\xampp\htdocs\CORRECIE\src\lib\Routes.php(158): Bramus\Router\Router->run(Object(Closure))
#6 C:\xampp\htdocs\CORRECIE\index.php(23): require_once('C:\\xampp\\htdocs...')
#7 {main}
  thrown in C:\xampp\htdocs\CORRECIE\src\controllers\Inicio.php on line 23
[28-Sep-2023 00:29:47 America/Guatemala] Inicio de la aplicacion
[28-Sep-2023 00:29:47 America/Guatemala] PHP Fatal error:  Uncaught Error: Call to undefined method App\models\Login::obtenerDatos() in C:\xampp\htdocs\CORRECIE\src\controllers\Inicio.php:23
Stack trace:
#0 C:\xampp\htdocs\CORRECIE\src\lib\Routes.php(51): App\controllers\Inicio->datosCards()
#1 [internal function]: {closure}()
#2 C:\xampp\htdocs\CORRECIE\vendor\bramus\router\src\Bramus\Router\Router.php(458): call_user_func_array(Object(Closure), Array)
#3 C:\xampp\htdocs\CORRECIE\vendor\bramus\router\src\Bramus\Router\Router.php(440): Bramus\Router\Router->invoke(Object(Closure), Array)
#4 C:\xampp\htdocs\CORRECIE\vendor\bramus\router\src\Bramus\Router\Router.php(287): Bramus\Router\Router->handle(Array, true)
#5 C:\xampp\htdocs\CORRECIE\src\lib\Routes.php(158): Bramus\Router\Router->run(Object(Closure))
#6 C:\xampp\htdocs\CORRECIE\index.php(23): require_once('C:\\xampp\\htdocs...')
#7 {main}
  thrown in C:\xampp\htdocs\CORRECIE\src\controllers\Inicio.php on line 23
[28-Sep-2023 00:29:47 America/Guatemala] Inicio de la aplicacion
[28-Sep-2023 00:29:47 America/Guatemala] PHP Fatal error:  Uncaught Error: Call to undefined method App\models\Login::obtenerDatos() in C:\xampp\htdocs\CORRECIE\src\controllers\Inicio.php:23
Stack trace:
#0 C:\xampp\htdocs\CORRECIE\src\lib\Routes.php(51): App\controllers\Inicio->datosCards()
#1 [internal function]: {closure}()
#2 C:\xampp\htdocs\CORRECIE\vendor\bramus\router\src\Bramus\Router\Router.php(458): call_user_func_array(Object(Closure), Array)
#3 C:\xampp\htdocs\CORRECIE\vendor\bramus\router\src\Bramus\Router\Router.php(440): Bramus\Router\Router->invoke(Object(Closure), Array)
#4 C:\xampp\htdocs\CORRECIE\vendor\bramus\router\src\Bramus\Router\Router.php(287): Bramus\Router\Router->handle(Array, true)
#5 C:\xampp\htdocs\CORRECIE\src\lib\Routes.php(158): Bramus\Router\Router->run(Object(Closure))
#6 C:\xampp\htdocs\CORRECIE\index.php(23): require_once('C:\\xampp\\htdocs...')
#7 {main}
  thrown in C:\xampp\htdocs\CORRECIE\src\controllers\Inicio.php on line 23
[28-Sep-2023 00:29:47 America/Guatemala] Inicio de la aplicacion
[28-Sep-2023 00:29:47 America/Guatemala] PHP Fatal error:  Uncaught Error: Call to undefined method App\models\Login::obtenerDatos() in C:\xampp\htdocs\CORRECIE\src\controllers\Inicio.php:23
Stack trace:
#0 C:\xampp\htdocs\CORRECIE\src\lib\Routes.php(51): App\controllers\Inicio->datosCards()
#1 [internal function]: {closure}()
#2 C:\xampp\htdocs\CORRECIE\vendor\bramus\router\src\Bramus\Router\Router.php(458): call_user_func_array(Object(Closure), Array)
#3 C:\xampp\htdocs\CORRECIE\vendor\bramus\router\src\Bramus\Router\Router.php(440): Bramus\Router\Router->invoke(Object(Closure), Array)
#4 C:\xampp\htdocs\CORRECIE\vendor\bramus\router\src\Bramus\Router\Router.php(287): Bramus\Router\Router->handle(Array, true)
#5 C:\xampp\htdocs\CORRECIE\src\lib\Routes.php(158): Bramus\Router\Router->run(Object(Closure))
#6 C:\xampp\htdocs\CORRECIE\index.php(23): require_once('C:\\xampp\\htdocs...')
#7 {main}
  thrown in C:\xampp\htdocs\CORRECIE\src\controllers\Inicio.php on line 23
[28-Sep-2023 00:29:55 America/Guatemala] Inicio de la aplicacion
[28-Sep-2023 00:29:55 America/Guatemala] PHP Fatal error:  Uncaught Error: Call to undefined method App\models\Login::obtenerDatos() in C:\xampp\htdocs\CORRECIE\src\controllers\Inicio.php:23
Stack trace:
#0 C:\xampp\htdocs\CORRECIE\src\lib\Routes.php(51): App\controllers\Inicio->datosCards()
#1 [internal function]: {closure}()
#2 C:\xampp\htdocs\CORRECIE\vendor\bramus\router\src\Bramus\Router\Router.php(458): call_user_func_array(Object(Closure), Array)
#3 C:\xampp\htdocs\CORRECIE\vendor\bramus\router\src\Bramus\Router\Router.php(440): Bramus\Router\Router->invoke(Object(Closure), Array)
#4 C:\xampp\htdocs\CORRECIE\vendor\bramus\router\src\Bramus\Router\Router.php(287): Bramus\Router\Router->handle(Array, true)
#5 C:\xampp\htdocs\CORRECIE\src\lib\Routes.php(158): Bramus\Router\Router->run(Object(Closure))
#6 C:\xampp\htdocs\CORRECIE\index.php(23): require_once('C:\\xampp\\htdocs...')
#7 {main}
  thrown in C:\xampp\htdocs\CORRECIE\src\controllers\Inicio.php on line 23
[28-Sep-2023 00:30:00 America/Guatemala] Inicio de la aplicacion
[28-Sep-2023 00:30:48 America/Guatemala] Inicio de la aplicacion
[28-Sep-2023 00:32:01 America/Guatemala] Inicio de la aplicacion
[28-Sep-2023 00:32:01 America/Guatemala] Inicio de la aplicacion
[28-Sep-2023 00:32:39 America/Guatemala] Inicio de la aplicacion
[28-Sep-2023 00:32:39 America/Guatemala] PHP Notice:  session_start(): Ignoring session_start() because a session is already active in C:\xampp\htdocs\CORRECIE\src\lib\Routes.php on line 147
[28-Sep-2023 00:32:39 America/Guatemala] Inicio de la aplicacion
[13-Oct-2023 22:14:49 America/Guatemala] Inicio de la aplicacion
[13-Oct-2023 22:14:59 America/Guatemala] Inicio de la aplicacion
[13-Oct-2023 22:15:00 America/Guatemala] Inicio de la aplicacion
[13-Oct-2023 23:56:58 America/Guatemala] Inicio de la aplicacion
[14-Oct-2023 00:32:39 America/Guatemala] Inicio de la aplicacion
[14-Oct-2023 07:08:12 America/Guatemala] Inicio de la aplicacion
[14-Oct-2023 07:08:12 America/Guatemala] Inicio de la aplicacion
[14-Oct-2023 07:08:54 America/Guatemala] Inicio de la aplicacion
[14-Oct-2023 07:08:54 America/Guatemala] Inicio de la aplicacion
[14-Oct-2023 07:27:09 America/Guatemala] Inicio de la aplicacion
[14-Oct-2023 07:27:09 America/Guatemala] Inicio de la aplicacion
[14-Oct-2023 07:27:48 America/Guatemala] Inicio de la aplicacion
[14-Oct-2023 07:27:49 America/Guatemala] Inicio de la aplicacion
[14-Oct-2023 07:52:27 America/Guatemala] Inicio de la aplicacion
[14-Oct-2023 07:52:27 America/Guatemala] Inicio de la aplicacion
[14-Oct-2023 07:54:23 America/Guatemala] Inicio de la aplicacion
[14-Oct-2023 07:54:23 America/Guatemala] PHP Fatal error:  Uncaught Error: Class "App\models\subirDocModel" not found in C:\xampp\htdocs\CORRECIE\src\controllers\subirDoc.php:17
Stack trace:
#0 C:\xampp\htdocs\CORRECIE\src\lib\Routes.php(100): App\controllers\SubirDoc->cargarRoles()
#1 [internal function]: {closure}()
#2 C:\xampp\htdocs\CORRECIE\vendor\bramus\router\src\Bramus\Router\Router.php(458): call_user_func_array(Object(Closure), Array)
#3 C:\xampp\htdocs\CORRECIE\vendor\bramus\router\src\Bramus\Router\Router.php(440): Bramus\Router\Router->invoke(Object(Closure), Array)
#4 C:\xampp\htdocs\CORRECIE\vendor\bramus\router\src\Bramus\Router\Router.php(287): Bramus\Router\Router->handle(Array, true)
#5 C:\xampp\htdocs\CORRECIE\src\lib\Routes.php(159): Bramus\Router\Router->run(Object(Closure))
#6 C:\xampp\htdocs\CORRECIE\index.php(23): require_once('C:\\xampp\\htdocs...')
#7 {main}
  thrown in C:\xampp\htdocs\CORRECIE\src\controllers\subirDoc.php on line 17
[14-Oct-2023 07:54:23 America/Guatemala] Inicio de la aplicacion
[14-Oct-2023 08:05:40 America/Guatemala] Inicio de la aplicacion
[14-Oct-2023 08:05:42 America/Guatemala] Inicio de la aplicacion
[14-Oct-2023 08:05:42 America/Guatemala] PHP Fatal error:  Uncaught Error: Class "App\models\subirDocModel" not found in C:\xampp\htdocs\CORRECIE\src\controllers\subirDoc.php:14
Stack trace:
#0 C:\xampp\htdocs\CORRECIE\src\lib\Routes.php(98): App\controllers\SubirDoc->__construct()
#1 [internal function]: {closure}()
#2 C:\xampp\htdocs\CORRECIE\vendor\bramus\router\src\Bramus\Router\Router.php(458): call_user_func_array(Object(Closure), Array)
#3 C:\xampp\htdocs\CORRECIE\vendor\bramus\router\src\Bramus\Router\Router.php(440): Bramus\Router\Router->invoke(Object(Closure), Array)
#4 C:\xampp\htdocs\CORRECIE\vendor\bramus\router\src\Bramus\Router\Router.php(287): Bramus\Router\Router->handle(Array, true)
#5 C:\xampp\htdocs\CORRECIE\src\lib\Routes.php(160): Bramus\Router\Router->run(Object(Closure))
#6 C:\xampp\htdocs\CORRECIE\index.php(23): require_once('C:\\xampp\\htdocs...')
#7 {main}
  thrown in C:\xampp\htdocs\CORRECIE\src\controllers\subirDoc.php on line 14
[14-Oct-2023 08:08:53 America/Guatemala] Inicio de la aplicacion
[14-Oct-2023 08:08:53 America/Guatemala] PHP Fatal error:  Uncaught Error: Class "App\models\subirDocModel" not found in C:\xampp\htdocs\CORRECIE\src\controllers\subirDoc.php:14
Stack trace:
#0 C:\xampp\htdocs\CORRECIE\src\lib\Routes.php(98): App\controllers\SubirDoc->__construct()
#1 [internal function]: {closure}()
#2 C:\xampp\htdocs\CORRECIE\vendor\bramus\router\src\Bramus\Router\Router.php(458): call_user_func_array(Object(Closure), Array)
#3 C:\xampp\htdocs\CORRECIE\vendor\bramus\router\src\Bramus\Router\Router.php(440): Bramus\Router\Router->invoke(Object(Closure), Array)
#4 C:\xampp\htdocs\CORRECIE\vendor\bramus\router\src\Bramus\Router\Router.php(287): Bramus\Router\Router->handle(Array, true)
#5 C:\xampp\htdocs\CORRECIE\src\lib\Routes.php(160): Bramus\Router\Router->run(Object(Closure))
#6 C:\xampp\htdocs\CORRECIE\index.php(23): require_once('C:\\xampp\\htdocs...')
#7 {main}
  thrown in C:\xampp\htdocs\CORRECIE\src\controllers\subirDoc.php on line 14
[14-Oct-2023 08:09:25 America/Guatemala] Inicio de la aplicacion
[14-Oct-2023 08:09:25 America/Guatemala] PHP Fatal error:  Uncaught Error: Class "App\models\subirDocModel" not found in C:\xampp\htdocs\CORRECIE\src\controllers\subirDoc.php:14
Stack trace:
#0 C:\xampp\htdocs\CORRECIE\src\lib\Routes.php(98): App\controllers\SubirDoc->__construct()
#1 [internal function]: {closure}()
#2 C:\xampp\htdocs\CORRECIE\vendor\bramus\router\src\Bramus\Router\Router.php(458): call_user_func_array(Object(Closure), Array)
#3 C:\xampp\htdocs\CORRECIE\vendor\bramus\router\src\Bramus\Router\Router.php(440): Bramus\Router\Router->invoke(Object(Closure), Array)
#4 C:\xampp\htdocs\CORRECIE\vendor\bramus\router\src\Bramus\Router\Router.php(287): Bramus\Router\Router->handle(Array, true)
#5 C:\xampp\htdocs\CORRECIE\src\lib\Routes.php(160): Bramus\Router\Router->run(Object(Closure))
#6 C:\xampp\htdocs\CORRECIE\index.php(23): require_once('C:\\xampp\\htdocs...')
#7 {main}
  thrown in C:\xampp\htdocs\CORRECIE\src\controllers\subirDoc.php on line 14
[14-Oct-2023 08:09:29 America/Guatemala] Inicio de la aplicacion
[14-Oct-2023 08:09:29 America/Guatemala] PHP Fatal error:  Uncaught Error: Class "App\models\subirDocModel" not found in C:\xampp\htdocs\CORRECIE\src\controllers\subirDoc.php:14
Stack trace:
#0 C:\xampp\htdocs\CORRECIE\src\lib\Routes.php(98): App\controllers\SubirDoc->__construct()
#1 [internal function]: {closure}()
#2 C:\xampp\htdocs\CORRECIE\vendor\bramus\router\src\Bramus\Router\Router.php(458): call_user_func_array(Object(Closure), Array)
#3 C:\xampp\htdocs\CORRECIE\vendor\bramus\router\src\Bramus\Router\Router.php(440): Bramus\Router\Router->invoke(Object(Closure), Array)
#4 C:\xampp\htdocs\CORRECIE\vendor\bramus\router\src\Bramus\Router\Router.php(287): Bramus\Router\Router->handle(Array, true)
#5 C:\xampp\htdocs\CORRECIE\src\lib\Routes.php(160): Bramus\Router\Router->run(Object(Closure))
#6 C:\xampp\htdocs\CORRECIE\index.php(23): require_once('C:\\xampp\\htdocs...')
#7 {main}
  thrown in C:\xampp\htdocs\CORRECIE\src\controllers\subirDoc.php on line 14
